<?xml version="1.0" encoding="UTF-8"?>
<!-- Generated by org.testng.reporters.JUnitReportReporter -->
<testsuite skipped="0" hostname="LAPTOP-D94BC6UO" name="loginModule.TestId" tests="1" failures="0" timestamp="2022-11-16T11:47:06 IST" time="0.011" errors="0">
  <testcase name="demo" time="0.011" classname="loginModule.TestId"/>
  <system-out/>
</testsuite> <!-- loginModule.TestId -->
